<?xml version="1.0" encoding="UTF-8"?>
<!-- Generated by org.testng.reporters.JUnitReportReporter -->
<testsuite hostname="NamanLenevo" failures="0" tests="1" name="com.qa.myntra.tests.ShoppingBagTests" time="8.849" errors="0" timestamp="2025-03-23T17:01:45 IST" skipped="0">
  <testcase classname="com.qa.myntra.tests.ShoppingBagTests" name="verifyData" time="8.849"/>
</testsuite> <!-- com.qa.myntra.tests.ShoppingBagTests -->
