<?xml version="1.0" encoding="UTF-8"?>
<!-- Generated by org.testng.reporters.JUnitReportReporter -->
<testsuite hostname="DESKTOP-K5UJHKQ" failures="0" tests="1" name="com.qa.myntra.tests.ShoppingBagTests" time="9.006" errors="0" timestamp="2025-03-28T13:11:09 IST" skipped="0">
  <testcase classname="com.qa.myntra.tests.ShoppingBagTests" name="verifyData" time="9.006"/>
</testsuite> <!-- com.qa.myntra.tests.ShoppingBagTests -->
